<?xml version="1.0" encoding="UTF-8"?>
<!-- Generated by org.testng.reporters.JUnitReportReporter -->
<testsuite hostname="REM-LT-221024B" failures="0" tests="1" name="SecondPullRequest" time="5.091" errors="0" timestamp="2022-11-15T12:22:52 CST" skipped="0">
  <testcase classname="SecondPullRequest" name="ValidateStatusCodeAndItems" time="5.091"/>
  <system-out>
    <![CDATA[Validation and Extraction Completed
Storing Array Data[] -> [{id=1, name=cerulean, year=2000, color=#98B2D1, pantone_value=15-4020}, {id=2, name=fuchsia rose, year=2001, color=#C74375, pantone_value=17-2031}, {id=3, name=true red, year=2002, color=#BF1932, pantone_value=19-1664}, {id=4, name=aqua sky, year=2003, color=#7BC4C4, pantone_value=14-4811}, {id=5, name=tigerlily, year=2004, color=#E2583E, pantone_value=17-1456}, {id=6, name=blue turquoise, year=2005, color=#53B0AE, pantone_value=15-5217}]
Items found it at Element[1] of the Array in Response
Item ID found it: 2
Item name found it: fuchsia rose
Item year found it: 2001
Item color found it: #C74375
Item pantone_value found it: 17-2031]]>
  </system-out>
</testsuite> <!-- SecondPullRequest -->
