<?xml version="1.0" encoding="UTF-8"?>
<!-- Generated by org.testng.reporters.JUnitReportReporter -->
<testsuite hostname="REM-LT-221024B" failures="0" tests="1" name="handlingJSonFile.HandlingJSonFile" time="3.872" errors="0" timestamp="2022-11-15T17:20:45 CST" skipped="0">
  <testcase classname="handlingJSonFile.HandlingJSonFile" name="PostRequest" time="3.872"/>
  <system-out>
    <![CDATA[Read and Extraction of the Json File Completed
Post Request and Response]]>
  </system-out>
</testsuite> <!-- handlingJSonFile.HandlingJSonFile -->
